生成启动时间为 8/11/2017 2:04:51 PM。
     1>项目“F:\项目\WnStock\src\WnStock\WnStock\WnStock.vcxproj”在节点 2 上(build 个目标)。
     1>InitializeBuildStatus:
         正在对“Debug\WnStock.unsuccessfulbuild”执行 Touch 任务。
       ClCompile:
         所有输出均为最新。
         C:\Program Files (x86)\Microsoft Visual Studio 10.0\VC\bin\CL.exe /c /ZI /nologo /W3 /WX- /Od /Oy- /D WIN32 /D _WINDOWS /D _DEBUG /D _MBCS /D _AFXDLL /Gm /EHsc /RTC1 /MDd /GS /fp:precise /Zc:wchar_t /Zc:forScope /Yu"StdAfx.h" /Fp"Debug\WnStock.pch" /Fo"Debug\\" /Fd"Debug\vc100.pdb" /Gd /TP /analyze- /errorReport:prompt WnStockView.cpp
         WnStockView.cpp
     1>f:\项目\wnstock\src\wnstock\wnstock\wnstockview.cpp(507): warning C4996: 'sprintf': This function or variable may be unsafe. Consider using sprintf_s instead. To disable deprecation, use _CRT_SECURE_NO_WARNINGS. See online help for details.
                 c:\program files (x86)\microsoft visual studio 10.0\vc\include\stdio.h(371) : 参见“sprintf”的声明
     1>f:\项目\wnstock\src\wnstock\wnstock\wnstockview.cpp(527): warning C4244: “参数”: 从“double”转换到“int”，可能丢失数据
     1>f:\项目\wnstock\src\wnstock\wnstock\wnstockview.cpp(528): warning C4244: “参数”: 从“double”转换到“int”，可能丢失数据
     1>f:\项目\wnstock\src\wnstock\wnstock\wnstockview.cpp(531): warning C4244: “参数”: 从“double”转换到“int”，可能丢失数据
     1>f:\项目\wnstock\src\wnstock\wnstock\wnstockview.cpp(532): warning C4244: “参数”: 从“double”转换到“int”，可能丢失数据
     1>f:\项目\wnstock\src\wnstock\wnstock\wnstockview.cpp(537): warning C4244: “=”: 从“double”转换到“int”，可能丢失数据
     1>f:\项目\wnstock\src\wnstock\wnstock\wnstockview.cpp(537): warning C4244: “-=”: 从“double”转换到“int”，可能丢失数据
     1>f:\项目\wnstock\src\wnstock\wnstock\wnstockview.cpp(544): warning C4244: “参数”: 从“double”转换到“int”，可能丢失数据
     1>f:\项目\wnstock\src\wnstock\wnstock\wnstockview.cpp(545): warning C4244: “参数”: 从“double”转换到“int”，可能丢失数据
     1>f:\项目\wnstock\src\wnstock\wnstock\wnstockview.cpp(546): warning C4244: “参数”: 从“double”转换到“int”，可能丢失数据
     1>f:\项目\wnstock\src\wnstock\wnstock\wnstockview.cpp(547): warning C4244: “参数”: 从“double”转换到“int”，可能丢失数据
     1>f:\项目\wnstock\src\wnstock\wnstock\wnstockview.cpp(548): warning C4244: “参数”: 从“double”转换到“int”，可能丢失数据
     1>f:\项目\wnstock\src\wnstock\wnstock\wnstockview.cpp(549): warning C4244: “参数”: 从“double”转换到“int”，可能丢失数据
     1>f:\项目\wnstock\src\wnstock\wnstock\wnstockview.cpp(550): warning C4244: “参数”: 从“double”转换到“int”，可能丢失数据
     1>f:\项目\wnstock\src\wnstock\wnstock\wnstockview.cpp(551): warning C4244: “参数”: 从“double”转换到“int”，可能丢失数据
     1>f:\项目\wnstock\src\wnstock\wnstock\wnstockview.cpp(552): warning C4244: “参数”: 从“double”转换到“int”，可能丢失数据
     1>f:\项目\wnstock\src\wnstock\wnstock\wnstockview.cpp(553): warning C4244: “参数”: 从“double”转换到“int”，可能丢失数据
     1>f:\项目\wnstock\src\wnstock\wnstock\wnstockview.cpp(566): warning C4244: “参数”: 从“double”转换到“int”，可能丢失数据
     1>f:\项目\wnstock\src\wnstock\wnstock\wnstockview.cpp(571): warning C4244: “参数”: 从“double”转换到“int”，可能丢失数据
     1>f:\项目\wnstock\src\wnstock\wnstock\wnstockview.cpp(590): warning C4244: “初始化”: 从“double”转换到“float”，可能丢失数据
     1>f:\项目\wnstock\src\wnstock\wnstock\wnstockview.cpp(598): warning C4244: “=”: 从“double”转换到“int”，可能丢失数据
     1>f:\项目\wnstock\src\wnstock\wnstock\wnstockview.cpp(600): warning C4244: “=”: 从“double”转换到“int”，可能丢失数据
     1>f:\项目\wnstock\src\wnstock\wnstock\wnstockview.cpp(603): warning C4244: “初始化”: 从“double”转换到“int”，可能丢失数据
     1>f:\项目\wnstock\src\wnstock\wnstock\wnstockview.cpp(620): warning C4244: “参数”: 从“double”转换到“int”，可能丢失数据
     1>f:\项目\wnstock\src\wnstock\wnstock\wnstockview.cpp(621): warning C4244: “参数”: 从“double”转换到“int”，可能丢失数据
     1>f:\项目\wnstock\src\wnstock\wnstock\wnstockview.cpp(622): warning C4244: “=”: 从“double”转换到“LONG”，可能丢失数据
     1>f:\项目\wnstock\src\wnstock\wnstock\wnstockview.cpp(624): warning C4244: “=”: 从“double”转换到“LONG”，可能丢失数据
     1>f:\项目\wnstock\src\wnstock\wnstock\wnstockview.cpp(632): warning C4244: “参数”: 从“double”转换到“int”，可能丢失数据
     1>f:\项目\wnstock\src\wnstock\wnstock\wnstockview.cpp(633): warning C4244: “参数”: 从“double”转换到“int”，可能丢失数据
     1>f:\项目\wnstock\src\wnstock\wnstock\wnstockview.cpp(637): warning C4244: “=”: 从“double”转换到“LONG”，可能丢失数据
     1>f:\项目\wnstock\src\wnstock\wnstock\wnstockview.cpp(639): warning C4244: “=”: 从“double”转换到“LONG”，可能丢失数据
     1>f:\项目\wnstock\src\wnstock\wnstock\wnstockview.cpp(649): warning C4244: “初始化”: 从“double”转换到“float”，可能丢失数据
     1>f:\项目\wnstock\src\wnstock\wnstock\wnstockview.cpp(652): warning C4996: 'sprintf': This function or variable may be unsafe. Consider using sprintf_s instead. To disable deprecation, use _CRT_SECURE_NO_WARNINGS. See online help for details.
                 c:\program files (x86)\microsoft visual studio 10.0\vc\include\stdio.h(371) : 参见“sprintf”的声明
     1>f:\项目\wnstock\src\wnstock\wnstock\wnstockview.cpp(653): warning C4244: “参数”: 从“double”转换到“int”，可能丢失数据
     1>f:\项目\wnstock\src\wnstock\wnstock\wnstockview.cpp(655): warning C4996: 'sprintf': This function or variable may be unsafe. Consider using sprintf_s instead. To disable deprecation, use _CRT_SECURE_NO_WARNINGS. See online help for details.
                 c:\program files (x86)\microsoft visual studio 10.0\vc\include\stdio.h(371) : 参见“sprintf”的声明
     1>f:\项目\wnstock\src\wnstock\wnstock\wnstockview.cpp(656): warning C4244: “参数”: 从“double”转换到“int”，可能丢失数据
     1>f:\项目\wnstock\src\wnstock\wnstock\wnstockview.cpp(661): warning C4996: 'sprintf': This function or variable may be unsafe. Consider using sprintf_s instead. To disable deprecation, use _CRT_SECURE_NO_WARNINGS. See online help for details.
                 c:\program files (x86)\microsoft visual studio 10.0\vc\include\stdio.h(371) : 参见“sprintf”的声明
     1>f:\项目\wnstock\src\wnstock\wnstock\wnstockview.cpp(662): warning C4244: “参数”: 从“double”转换到“int”，可能丢失数据
     1>f:\项目\wnstock\src\wnstock\wnstock\wnstockview.cpp(664): warning C4996: 'sprintf': This function or variable may be unsafe. Consider using sprintf_s instead. To disable deprecation, use _CRT_SECURE_NO_WARNINGS. See online help for details.
                 c:\program files (x86)\microsoft visual studio 10.0\vc\include\stdio.h(371) : 参见“sprintf”的声明
     1>f:\项目\wnstock\src\wnstock\wnstock\wnstockview.cpp(665): warning C4244: “参数”: 从“double”转换到“int”，可能丢失数据
     1>f:\项目\wnstock\src\wnstock\wnstock\wnstockview.cpp(667): warning C4996: 'sprintf': This function or variable may be unsafe. Consider using sprintf_s instead. To disable deprecation, use _CRT_SECURE_NO_WARNINGS. See online help for details.
                 c:\program files (x86)\microsoft visual studio 10.0\vc\include\stdio.h(371) : 参见“sprintf”的声明
     1>f:\项目\wnstock\src\wnstock\wnstock\wnstockview.cpp(668): warning C4244: “参数”: 从“double”转换到“int”，可能丢失数据
     1>f:\项目\wnstock\src\wnstock\wnstock\wnstockview.cpp(689): warning C4244: “初始化”: 从“double”转换到“float”，可能丢失数据
     1>f:\项目\wnstock\src\wnstock\wnstock\wnstockview.cpp(690): warning C4244: “初始化”: 从“double”转换到“float”，可能丢失数据
     1>f:\项目\wnstock\src\wnstock\wnstock\wnstockview.cpp(703): warning C4244: “参数”: 从“double”转换到“int”，可能丢失数据
     1>f:\项目\wnstock\src\wnstock\wnstock\wnstockview.cpp(704): warning C4244: “参数”: 从“double”转换到“int”，可能丢失数据
     1>f:\项目\wnstock\src\wnstock\wnstock\wnstockview.cpp(714): warning C4244: “参数”: 从“double”转换到“int”，可能丢失数据
     1>f:\项目\wnstock\src\wnstock\wnstock\wnstockview.cpp(715): warning C4244: “参数”: 从“double”转换到“int”，可能丢失数据
     1>f:\项目\wnstock\src\wnstock\wnstock\wnstockview.cpp(725): warning C4244: “参数”: 从“double”转换到“int”，可能丢失数据
     1>f:\项目\wnstock\src\wnstock\wnstock\wnstockview.cpp(726): warning C4244: “参数”: 从“double”转换到“int”，可能丢失数据
     1>f:\项目\wnstock\src\wnstock\wnstock\wnstockview.cpp(781): warning C4244: “参数”: 从“double”转换到“unsigned int”，可能丢失数据
     1>f:\项目\wnstock\src\wnstock\wnstock\wnstockview.cpp(785): warning C4244: “参数”: 从“double”转换到“unsigned int”，可能丢失数据
     1>f:\项目\wnstock\src\wnstock\wnstock\wnstockview.cpp(785): warning C4996: 'sprintf': This function or variable may be unsafe. Consider using sprintf_s instead. To disable deprecation, use _CRT_SECURE_NO_WARNINGS. See online help for details.
                 c:\program files (x86)\microsoft visual studio 10.0\vc\include\stdio.h(371) : 参见“sprintf”的声明
     1>f:\项目\wnstock\src\wnstock\wnstock\wnstockview.cpp(789): warning C4244: “参数”: 从“double”转换到“unsigned int”，可能丢失数据
     1>f:\项目\wnstock\src\wnstock\wnstock\wnstockview.cpp(789): warning C4996: 'sprintf': This function or variable may be unsafe. Consider using sprintf_s instead. To disable deprecation, use _CRT_SECURE_NO_WARNINGS. See online help for details.
                 c:\program files (x86)\microsoft visual studio 10.0\vc\include\stdio.h(371) : 参见“sprintf”的声明
     1>f:\项目\wnstock\src\wnstock\wnstock\wnstockview.cpp(793): warning C4244: “参数”: 从“double”转换到“unsigned int”，可能丢失数据
     1>f:\项目\wnstock\src\wnstock\wnstock\wnstockview.cpp(793): warning C4996: 'sprintf': This function or variable may be unsafe. Consider using sprintf_s instead. To disable deprecation, use _CRT_SECURE_NO_WARNINGS. See online help for details.
                 c:\program files (x86)\microsoft visual studio 10.0\vc\include\stdio.h(371) : 参见“sprintf”的声明
     1>f:\项目\wnstock\src\wnstock\wnstock\wnstockview.cpp(797): warning C4244: “参数”: 从“double”转换到“unsigned int”，可能丢失数据
     1>f:\项目\wnstock\src\wnstock\wnstock\wnstockview.cpp(797): warning C4996: 'sprintf': This function or variable may be unsafe. Consider using sprintf_s instead. To disable deprecation, use _CRT_SECURE_NO_WARNINGS. See online help for details.
                 c:\program files (x86)\microsoft visual studio 10.0\vc\include\stdio.h(371) : 参见“sprintf”的声明
     1>f:\项目\wnstock\src\wnstock\wnstock\wnstockview.cpp(801): warning C4244: “参数”: 从“double”转换到“unsigned int”，可能丢失数据
     1>f:\项目\wnstock\src\wnstock\wnstock\wnstockview.cpp(801): warning C4244: “参数”: 从“double”转换到“unsigned int”，可能丢失数据
     1>f:\项目\wnstock\src\wnstock\wnstock\wnstockview.cpp(804): warning C4244: “参数”: 从“double”转换到“unsigned int”，可能丢失数据
     1>f:\项目\wnstock\src\wnstock\wnstock\wnstockview.cpp(804): warning C4244: “参数”: 从“double”转换到“unsigned int”，可能丢失数据
     1>f:\项目\wnstock\src\wnstock\wnstock\wnstockview.cpp(804): warning C4244: “初始化”: 从“double”转换到“float”，可能丢失数据
     1>f:\项目\wnstock\src\wnstock\wnstock\wnstockview.cpp(805): warning C4244: “参数”: 从“double”转换到“unsigned int”，可能丢失数据
     1>f:\项目\wnstock\src\wnstock\wnstock\wnstockview.cpp(805): warning C4244: “初始化”: 从“double”转换到“float”，可能丢失数据
     1>f:\项目\wnstock\src\wnstock\wnstock\wnstockview.cpp(806): warning C4996: 'sprintf': This function or variable may be unsafe. Consider using sprintf_s instead. To disable deprecation, use _CRT_SECURE_NO_WARNINGS. See online help for details.
                 c:\program files (x86)\microsoft visual studio 10.0\vc\include\stdio.h(371) : 参见“sprintf”的声明
     1>f:\项目\wnstock\src\wnstock\wnstock\wnstockview.cpp(809): warning C4996: 'sprintf': This function or variable may be unsafe. Consider using sprintf_s instead. To disable deprecation, use _CRT_SECURE_NO_WARNINGS. See online help for details.
                 c:\program files (x86)\microsoft visual studio 10.0\vc\include\stdio.h(371) : 参见“sprintf”的声明
     1>f:\项目\wnstock\src\wnstock\wnstock\wnstockview.cpp(815): warning C4244: “参数”: 从“double”转换到“unsigned int”，可能丢失数据
     1>f:\项目\wnstock\src\wnstock\wnstock\wnstockview.cpp(815): warning C4244: “参数”: 从“double”转换到“unsigned int”，可能丢失数据
     1>f:\项目\wnstock\src\wnstock\wnstock\wnstockview.cpp(815): warning C4244: “初始化”: 从“double”转换到“float”，可能丢失数据
     1>f:\项目\wnstock\src\wnstock\wnstock\wnstockview.cpp(816): warning C4244: “参数”: 从“double”转换到“unsigned int”，可能丢失数据
     1>f:\项目\wnstock\src\wnstock\wnstock\wnstockview.cpp(816): warning C4244: “初始化”: 从“double”转换到“float”，可能丢失数据
     1>f:\项目\wnstock\src\wnstock\wnstock\wnstockview.cpp(817): warning C4996: 'sprintf': This function or variable may be unsafe. Consider using sprintf_s instead. To disable deprecation, use _CRT_SECURE_NO_WARNINGS. See online help for details.
                 c:\program files (x86)\microsoft visual studio 10.0\vc\include\stdio.h(371) : 参见“sprintf”的声明
     1>f:\项目\wnstock\src\wnstock\wnstock\wnstockview.cpp(820): warning C4996: 'sprintf': This function or variable may be unsafe. Consider using sprintf_s instead. To disable deprecation, use _CRT_SECURE_NO_WARNINGS. See online help for details.
                 c:\program files (x86)\microsoft visual studio 10.0\vc\include\stdio.h(371) : 参见“sprintf”的声明
     1>f:\项目\wnstock\src\wnstock\wnstock\wnstockview.cpp(826): warning C4244: “参数”: 从“double”转换到“unsigned int”，可能丢失数据
     1>f:\项目\wnstock\src\wnstock\wnstock\wnstockview.cpp(826): warning C4996: 'sprintf': This function or variable may be unsafe. Consider using sprintf_s instead. To disable deprecation, use _CRT_SECURE_NO_WARNINGS. See online help for details.
                 c:\program files (x86)\microsoft visual studio 10.0\vc\include\stdio.h(371) : 参见“sprintf”的声明
     1>f:\项目\wnstock\src\wnstock\wnstock\wnstockview.cpp(838): warning C4244: “参数”: 从“double”转换到“unsigned int”，可能丢失数据
     1>f:\项目\wnstock\src\wnstock\wnstock\wnstockview.cpp(841): warning C4244: “初始化”: 从“double”转换到“int”，可能丢失数据
     1>f:\项目\wnstock\src\wnstock\wnstock\wnstockview.cpp(846): warning C4996: 'sprintf': This function or variable may be unsafe. Consider using sprintf_s instead. To disable deprecation, use _CRT_SECURE_NO_WARNINGS. See online help for details.
                 c:\program files (x86)\microsoft visual studio 10.0\vc\include\stdio.h(371) : 参见“sprintf”的声明
     1>f:\项目\wnstock\src\wnstock\wnstock\wnstockview.cpp(850): warning C4996: 'sprintf': This function or variable may be unsafe. Consider using sprintf_s instead. To disable deprecation, use _CRT_SECURE_NO_WARNINGS. See online help for details.
                 c:\program files (x86)\microsoft visual studio 10.0\vc\include\stdio.h(371) : 参见“sprintf”的声明
     1>f:\项目\wnstock\src\wnstock\wnstock\wnstockview.cpp(858): warning C4244: “参数”: 从“double”转换到“unsigned int”，可能丢失数据
     1>f:\项目\wnstock\src\wnstock\wnstock\wnstockview.cpp(858): warning C4996: 'sprintf': This function or variable may be unsafe. Consider using sprintf_s instead. To disable deprecation, use _CRT_SECURE_NO_WARNINGS. See online help for details.
                 c:\program files (x86)\microsoft visual studio 10.0\vc\include\stdio.h(371) : 参见“sprintf”的声明
     1>f:\项目\wnstock\src\wnstock\wnstock\wnstockview.cpp(866): warning C4244: “参数”: 从“double”转换到“unsigned int”，可能丢失数据
     1>f:\项目\wnstock\src\wnstock\wnstock\wnstockview.cpp(866): warning C4996: 'sprintf': This function or variable may be unsafe. Consider using sprintf_s instead. To disable deprecation, use _CRT_SECURE_NO_WARNINGS. See online help for details.
                 c:\program files (x86)\microsoft visual studio 10.0\vc\include\stdio.h(371) : 参见“sprintf”的声明
     1>f:\项目\wnstock\src\wnstock\wnstock\wnstockview.cpp(867): warning C4244: “参数”: 从“double”转换到“int”，可能丢失数据
     1>f:\项目\wnstock\src\wnstock\wnstock\wnstockview.cpp(872): warning C4244: “参数”: 从“double”转换到“unsigned int”，可能丢失数据
     1>f:\项目\wnstock\src\wnstock\wnstock\wnstockview.cpp(872): warning C4996: 'sprintf': This function or variable may be unsafe. Consider using sprintf_s instead. To disable deprecation, use _CRT_SECURE_NO_WARNINGS. See online help for details.
                 c:\program files (x86)\microsoft visual studio 10.0\vc\include\stdio.h(371) : 参见“sprintf”的声明
     1>f:\项目\wnstock\src\wnstock\wnstock\wnstockview.cpp(873): warning C4244: “参数”: 从“double”转换到“int”，可能丢失数据
     1>f:\项目\wnstock\src\wnstock\wnstock\wnstockview.cpp(878): warning C4244: “参数”: 从“double”转换到“unsigned int”，可能丢失数据
     1>f:\项目\wnstock\src\wnstock\wnstock\wnstockview.cpp(878): warning C4996: 'sprintf': This function or variable may be unsafe. Consider using sprintf_s instead. To disable deprecation, use _CRT_SECURE_NO_WARNINGS. See online help for details.
                 c:\program files (x86)\microsoft visual studio 10.0\vc\include\stdio.h(371) : 参见“sprintf”的声明
     1>f:\项目\wnstock\src\wnstock\wnstock\wnstockview.cpp(879): warning C4244: “参数”: 从“double”转换到“int”，可能丢失数据
     1>f:\项目\wnstock\src\wnstock\wnstock\wnstockview.cpp(901): warning C4244: “参数”: 从“double”转换到“int”，可能丢失数据
     1>f:\项目\wnstock\src\wnstock\wnstock\wnstockview.cpp(910): warning C4244: “参数”: 从“double”转换到“unsigned int”，可能丢失数据
     1>f:\项目\wnstock\src\wnstock\wnstock\wnstockview.cpp(912): warning C4244: “参数”: 从“double”转换到“int”，可能丢失数据
     1>f:\项目\wnstock\src\wnstock\wnstock\wnstockview.cpp(917): warning C4244: “参数”: 从“double”转换到“int”，可能丢失数据
     1>f:\项目\wnstock\src\wnstock\wnstock\wnstockview.cpp(929): warning C4996: 'sprintf': This function or variable may be unsafe. Consider using sprintf_s instead. To disable deprecation, use _CRT_SECURE_NO_WARNINGS. See online help for details.
                 c:\program files (x86)\microsoft visual studio 10.0\vc\include\stdio.h(371) : 参见“sprintf”的声明
     1>f:\项目\wnstock\src\wnstock\wnstock\wnstockview.cpp(930): warning C4244: “参数”: 从“double”转换到“int”，可能丢失数据
     1>f:\项目\wnstock\src\wnstock\wnstock\wnstockview.cpp(931): warning C4996: 'sprintf': This function or variable may be unsafe. Consider using sprintf_s instead. To disable deprecation, use _CRT_SECURE_NO_WARNINGS. See online help for details.
                 c:\program files (x86)\microsoft visual studio 10.0\vc\include\stdio.h(371) : 参见“sprintf”的声明
     1>f:\项目\wnstock\src\wnstock\wnstock\wnstockview.cpp(932): warning C4244: “参数”: 从“double”转换到“int”，可能丢失数据
     1>f:\项目\wnstock\src\wnstock\wnstock\wnstockview.cpp(933): warning C4996: 'sprintf': This function or variable may be unsafe. Consider using sprintf_s instead. To disable deprecation, use _CRT_SECURE_NO_WARNINGS. See online help for details.
                 c:\program files (x86)\microsoft visual studio 10.0\vc\include\stdio.h(371) : 参见“sprintf”的声明
     1>f:\项目\wnstock\src\wnstock\wnstock\wnstockview.cpp(934): warning C4244: “参数”: 从“double”转换到“int”，可能丢失数据
     1>f:\项目\wnstock\src\wnstock\wnstock\wnstockview.cpp(953): warning C4244: “参数”: 从“double”转换到“int”，可能丢失数据
     1>f:\项目\wnstock\src\wnstock\wnstock\wnstockview.cpp(954): warning C4244: “参数”: 从“double”转换到“unsigned int”，可能丢失数据
     1>f:\项目\wnstock\src\wnstock\wnstock\wnstockview.cpp(954): warning C4996: 'sprintf': This function or variable may be unsafe. Consider using sprintf_s instead. To disable deprecation, use _CRT_SECURE_NO_WARNINGS. See online help for details.
                 c:\program files (x86)\microsoft visual studio 10.0\vc\include\stdio.h(371) : 参见“sprintf”的声明
     1>f:\项目\wnstock\src\wnstock\wnstock\wnstockview.cpp(955): warning C4244: “参数”: 从“double”转换到“int”，可能丢失数据
     1>f:\项目\wnstock\src\wnstock\wnstock\wnstockview.cpp(956): warning C4244: “参数”: 从“double”转换到“unsigned int”，可能丢失数据
     1>f:\项目\wnstock\src\wnstock\wnstock\wnstockview.cpp(956): warning C4996: 'sprintf': This function or variable may be unsafe. Consider using sprintf_s instead. To disable deprecation, use _CRT_SECURE_NO_WARNINGS. See online help for details.
                 c:\program files (x86)\microsoft visual studio 10.0\vc\include\stdio.h(371) : 参见“sprintf”的声明
     1>f:\项目\wnstock\src\wnstock\wnstock\wnstockview.cpp(957): warning C4244: “参数”: 从“double”转换到“int”，可能丢失数据
     1>f:\项目\wnstock\src\wnstock\wnstock\wnstockview.cpp(958): warning C4244: “参数”: 从“double”转换到“unsigned int”，可能丢失数据
     1>f:\项目\wnstock\src\wnstock\wnstock\wnstockview.cpp(958): warning C4996: 'sprintf': This function or variable may be unsafe. Consider using sprintf_s instead. To disable deprecation, use _CRT_SECURE_NO_WARNINGS. See online help for details.
                 c:\program files (x86)\microsoft visual studio 10.0\vc\include\stdio.h(371) : 参见“sprintf”的声明
     1>f:\项目\wnstock\src\wnstock\wnstock\wnstockview.cpp(959): warning C4244: “参数”: 从“double”转换到“int”，可能丢失数据
     1>f:\项目\wnstock\src\wnstock\wnstock\wnstockview.cpp(1156): warning C4244: “=”: 从“double”转换到“int”，可能丢失数据
     1>f:\项目\wnstock\src\wnstock\wnstock\wnstockview.cpp(1180): warning C4244: “=”: 从“double”转换到“int”，可能丢失数据
     1>f:\项目\wnstock\src\wnstock\wnstock\wnstockview.cpp(1205): warning C4244: “初始化”: 从“double”转换到“int”，可能丢失数据
     1>f:\项目\wnstock\src\wnstock\wnstock\wnstockview.cpp(1206): warning C4244: “=”: 从“double”转换到“int”，可能丢失数据
     1>f:\项目\wnstock\src\wnstock\wnstock\wnstockview.cpp(1214): warning C4244: “=”: 从“double”转换到“int”，可能丢失数据
     1>f:\项目\wnstock\src\wnstock\wnstock\wnstockview.cpp(1226): warning C4244: “初始化”: 从“double”转换到“int”，可能丢失数据
     1>f:\项目\wnstock\src\wnstock\wnstock\wnstockview.cpp(1227): warning C4244: “=”: 从“double”转换到“int”，可能丢失数据
     1>f:\项目\wnstock\src\wnstock\wnstock\wnstockview.cpp(1235): warning C4244: “=”: 从“double”转换到“int”，可能丢失数据
     1>f:\项目\wnstock\src\wnstock\wnstock\wnstockview.cpp(1138): warning C4101: “kBegin0”: 未引用的局部变量
       ResourceCompile:
         C:\Program Files (x86)\Microsoft SDKs\Windows\v7.0A\bin\rc.exe /D _DEBUG /D _AFXDLL /l"0x0804" /IDebug\ /nologo /fo"Debug\WnStock.res" WnStock.rc 
       ManifestResourceCompile:
         C:\Program Files (x86)\Microsoft SDKs\Windows\v7.0A\bin\rc.exe /nologo /fo"Debug\WnStock.exe.embed.manifest.res" Debug\WnStock_manifest.rc 
       Link:
         C:\Program Files (x86)\Microsoft Visual Studio 10.0\VC\bin\link.exe /ERRORREPORT:PROMPT /OUT:"F:\项目\WnStock\src\WnStock\Debug\WnStock.exe" /INCREMENTAL /NOLOGO /MANIFEST /ManifestFile:"Debug\WnStock.exe.intermediate.manifest" /MANIFESTUAC:"level='asInvoker' uiAccess='false'" /DEBUG /PDB:"F:\项目\WnStock\src\WnStock\Debug\WnStock.pdb" /SUBSYSTEM:WINDOWS /TLBID:1 /DYNAMICBASE /NXCOMPAT /IMPLIB:"F:\项目\WnStock\src\WnStock\Debug\WnStock.lib" /MACHINE:X86 Debug\WnStock.res
         Debug\WnStock.exe.embed.manifest.res
         Debug\MainFrm.obj
         Debug\stdafx.obj
         Debug\WnStock.obj
         Debug\WnStockDoc.obj
         Debug\WnStockView.obj
            正在创建库 F:\项目\WnStock\src\WnStock\Debug\WnStock.lib 和对象 F:\项目\WnStock\src\WnStock\Debug\WnStock.exp
       Manifest:
         C:\Program Files (x86)\Microsoft SDKs\Windows\v7.0A\bin\mt.exe /nologo /verbose /out:"Debug\WnStock.exe.embed.manifest" /manifest Debug\WnStock.exe.intermediate.manifest "C:\Program Files (x86)\Microsoft Visual Studio 10.0\VC\Include\Manifest\dpiaware.manifest"
         C:\Program Files (x86)\Microsoft SDKs\Windows\v7.0A\bin\rc.exe /nologo /fo"Debug\WnStock.exe.embed.manifest.res" Debug\WnStock_manifest.rc 
       LinkEmbedManifest:
         C:\Program Files (x86)\Microsoft Visual Studio 10.0\VC\bin\link.exe /ERRORREPORT:PROMPT /OUT:"F:\项目\WnStock\src\WnStock\Debug\WnStock.exe" /INCREMENTAL /NOLOGO /MANIFEST /ManifestFile:"Debug\WnStock.exe.intermediate.manifest" /MANIFESTUAC:"level='asInvoker' uiAccess='false'" /DEBUG /PDB:"F:\项目\WnStock\src\WnStock\Debug\WnStock.pdb" /SUBSYSTEM:WINDOWS /TLBID:1 /DYNAMICBASE /NXCOMPAT /IMPLIB:"F:\项目\WnStock\src\WnStock\Debug\WnStock.lib" /MACHINE:X86 Debug\WnStock.res
         Debug\WnStock.exe.embed.manifest.res
         Debug\MainFrm.obj
         Debug\stdafx.obj
         Debug\WnStock.obj
         Debug\WnStockDoc.obj
         Debug\WnStockView.obj
         WnStock.vcxproj -> F:\项目\WnStock\src\WnStock\Debug\WnStock.exe
       FinalizeBuildStatus:
         正在删除文件“Debug\WnStock.unsuccessfulbuild”。
         正在对“Debug\WnStock.lastbuildstate”执行 Touch 任务。
     1>已完成生成项目“F:\项目\WnStock\src\WnStock\WnStock\WnStock.vcxproj”(build 个目标)的操作。

生成成功。

已用时间 00:00:01.34
